<?xml version="1.0" encoding="UTF-8"?>
<testsuites disabled="0" errors="0" failures="0" tests="1" time="0">
<testsuite disabled="0" errors="0" failures="0" name="config" skipped="0" tests="1" time="0">
<properties>
<property name="os" value="posix"/>
</properties>
<testcase classname="config" name="cover" status="PASS" time="0">
<system-out>SBY 16:57:04 [config_prove] Removing directory 'config_prove'.
SBY 16:57:05 [config_cover] Removing directory 'config_cover'.
SBY 16:57:05 [config_cover] Copy 'accumulator_formal.v' to 'config_cover/src/accumulator_formal.v'.
SBY 16:57:05 [config_cover] engine_0: smtbmc boolector
SBY 16:57:05 [config_cover] base: starting process &quot;cd config_cover/src; /nix/store/svjngm0d7kz6d7q5d0g3lhdv2capczbh-yosys-0.9+3675/bin/yosys -ql ../model/design.log ../model/design.ys&quot;
SBY 16:57:05 [config_cover] base: Warning: Found one of those horrible `(synopsys|synthesis) translate_off' comments.
SBY 16:57:05 [config_cover] base: Yosys does support them but it is recommended to use `ifdef constructs instead!
SBY 16:57:05 [config_cover] base: finished (returncode=0)
SBY 16:57:05 [config_cover] smt2: starting process &quot;cd config_cover/model; /nix/store/svjngm0d7kz6d7q5d0g3lhdv2capczbh-yosys-0.9+3675/bin/yosys -ql design_smt2.log design_smt2.ys&quot;
SBY 16:57:05 [config_cover] smt2: finished (returncode=0)
SBY 16:57:05 [config_cover] engine_0: starting process &quot;cd config_cover; /nix/store/svjngm0d7kz6d7q5d0g3lhdv2capczbh-yosys-0.9+3675/bin/yosys-smtbmc -s boolector --presat --unroll -c --noprogress -t 16  --append 0 --dump-vcd engine_0/trace%.vcd --dump-vlogtb engine_0/trace%_tb.v --dump-smtc engine_0/trace%.smtc model/design_smt2.smt2&quot;
SBY 16:57:05 [config_cover] engine_0: ##   0:00:00  Solver: boolector
SBY 16:57:05 [config_cover] engine_0: ##   0:00:00  Checking cover reachability in step 0..
SBY 16:57:05 [config_cover] engine_0: ##   0:00:00  Checking cover reachability in step 1..
SBY 16:57:05 [config_cover] engine_0: ##   0:00:00  Checking cover reachability in step 2..
SBY 16:57:05 [config_cover] engine_0: ##   0:00:00  Reached cover statement at accumulator_formal.v:109.44-110.41 in step 2.
SBY 16:57:05 [config_cover] engine_0: ##   0:00:00  Writing trace to VCD file: engine_0/trace0.vcd
SBY 16:57:05 [config_cover] engine_0: ##   0:00:00  Writing trace to Verilog testbench: engine_0/trace0_tb.v
SBY 16:57:05 [config_cover] engine_0: ##   0:00:00  Writing trace to constraints file: engine_0/trace0.smtc
SBY 16:57:05 [config_cover] engine_0: ##   0:00:00  Checking cover reachability in step 2..
SBY 16:57:05 [config_cover] engine_0: ##   0:00:00  Reached cover statement at accumulator_formal.v:108.44-109.43 in step 2.
SBY 16:57:05 [config_cover] engine_0: ##   0:00:00  Writing trace to VCD file: engine_0/trace1.vcd
SBY 16:57:05 [config_cover] engine_0: ##   0:00:00  Writing trace to Verilog testbench: engine_0/trace1_tb.v
SBY 16:57:05 [config_cover] engine_0: ##   0:00:00  Writing trace to constraints file: engine_0/trace1.smtc
SBY 16:57:05 [config_cover] engine_0: ##   0:00:00  Checking cover reachability in step 2..
SBY 16:57:05 [config_cover] engine_0: ##   0:00:00  Reached cover statement at accumulator_formal.v:107.7-108.43 in step 2.
SBY 16:57:05 [config_cover] engine_0: ##   0:00:00  Writing trace to VCD file: engine_0/trace2.vcd
SBY 16:57:05 [config_cover] engine_0: ##   0:00:00  Writing trace to Verilog testbench: engine_0/trace2_tb.v
SBY 16:57:05 [config_cover] engine_0: ##   0:00:00  Writing trace to constraints file: engine_0/trace2.smtc
SBY 16:57:05 [config_cover] engine_0: ##   0:00:00  Status: passed
SBY 16:57:05 [config_cover] engine_0: finished (returncode=0)
SBY 16:57:05 [config_cover] engine_0: Status returned by engine: pass
SBY 16:57:05 [config_cover] summary: Elapsed clock time [H:MM:SS (secs)]: 0:00:00 (0)
SBY 16:57:05 [config_cover] summary: Elapsed process time [H:MM:SS (secs)]: 0:00:00 (0)
SBY 16:57:05 [config_cover] summary: engine_0 (smtbmc boolector) returned pass
SBY 16:57:05 [config_cover] summary: trace: config_cover/engine_0/trace0.vcd
SBY 16:57:05 [config_cover] summary: trace: config_cover/engine_0/trace1.vcd
SBY 16:57:05 [config_cover] summary: trace: config_cover/engine_0/trace2.vcd
SBY 16:57:05 [config_cover] DONE (PASS, rc=0)
</system-out></testcase></testsuite></testsuites>
